0 info it worked if it ends with ok
1 verbose cli [ '/Users/rsi15/.nvm/versions/node/v6.2.2/bin/node',
1 verbose cli   '/Users/rsi15/.nvm/versions/node/v6.2.2/bin/npm',
1 verbose cli   'run',
1 verbose cli   'lint' ]
2 info using npm@3.9.5
3 info using node@v6.2.2
4 verbose stack Error: missing script: lint
4 verbose stack     at run (/Users/rsi15/.nvm/versions/node/v6.2.2/lib/node_modules/npm/lib/run-script.js:150:19)
4 verbose stack     at /Users/rsi15/.nvm/versions/node/v6.2.2/lib/node_modules/npm/lib/run-script.js:60:5
4 verbose stack     at /Users/rsi15/.nvm/versions/node/v6.2.2/lib/node_modules/npm/node_modules/read-package-json/read-json.js:356:5
4 verbose stack     at checkBinReferences_ (/Users/rsi15/.nvm/versions/node/v6.2.2/lib/node_modules/npm/node_modules/read-package-json/read-json.js:320:45)
4 verbose stack     at final (/Users/rsi15/.nvm/versions/node/v6.2.2/lib/node_modules/npm/node_modules/read-package-json/read-json.js:354:3)
4 verbose stack     at then (/Users/rsi15/.nvm/versions/node/v6.2.2/lib/node_modules/npm/node_modules/read-package-json/read-json.js:124:5)
4 verbose stack     at /Users/rsi15/.nvm/versions/node/v6.2.2/lib/node_modules/npm/node_modules/read-package-json/read-json.js:243:12
4 verbose stack     at /Users/rsi15/.nvm/versions/node/v6.2.2/lib/node_modules/npm/node_modules/graceful-fs/graceful-fs.js:78:16
4 verbose stack     at tryToString (fs.js:449:3)
4 verbose stack     at FSReqWrap.readFileAfterClose [as oncomplete] (fs.js:436:12)
5 verbose cwd /Users/rsi15/GitHub/tiles
6 error Darwin 14.5.0
7 error argv "/Users/rsi15/.nvm/versions/node/v6.2.2/bin/node" "/Users/rsi15/.nvm/versions/node/v6.2.2/bin/npm" "run" "lint"
8 error node v6.2.2
9 error npm  v3.9.5
10 error missing script: lint
11 error If you need help, you may report this error at:
11 error     <https://github.com/npm/npm/issues>
12 verbose exit [ 1, true ]
